<?xml version="1.0" encoding="UTF-8"?>
<!-- Generated by org.testng.reporters.JUnitReportReporter -->
<testsuite hostname="DESKTOP-8QG8CLM" failures="0" tests="1" name="TestClasses.VerifyUserCanWithdrawAmount" time="11.758" errors="0" timestamp="2022-06-08T19:34:49 IST" skipped="0">
  <testcase classname="TestClasses.VerifyUserCanWithdrawAmount" name="VerifyUserCanLogin" time="11.758"/>
  <system-out/>
</testsuite> <!-- TestClasses.VerifyUserCanWithdrawAmount -->
