<?xml version="1.0" encoding="UTF-8"?>
<!-- Generated by org.testng.reporters.JUnitReportReporter -->
<testsuite hostname="DESKTOP-8QG8CLM" failures="0" tests="3" name="TestClasses.VerifyUserCanAddFundToAccount" time="16.714" errors="0" timestamp="2022-06-08T19:34:49 IST" skipped="0">
  <testcase classname="TestClasses.VerifyUserCanAddFundToAccount" name="VerifyUserCanLogin" time="12.624"/>
  <system-out/>
  <testcase classname="TestClasses.VerifyUserCanAddFundToAccount" name="verifyUserCanParticularAmount" time="1.609"/>
  <system-out/>
  <testcase classname="TestClasses.VerifyUserCanAddFundToAccount" name="VerifyUserCanOpenFundPage" time="2.481"/>
  <system-out/>
</testsuite> <!-- TestClasses.VerifyUserCanAddFundToAccount -->
